<?xml version="1.0" encoding="UTF-8"?>
<!-- Generated by org.testng.reporters.JUnitReportReporter -->
<testsuite hostname="butterfly-PC" name="testng.TicketsForBabies" tests="1" failures="0" timestamp="1 Jul 2014 10:07:02 GMT" time="10,240" errors="0">
  <testcase name="ticketsForBabies" time="10,240" classname="testng.TicketsForBabies"/>
</testsuite>
