<?xml version="1.0" encoding="UTF-8"?>
<!-- Generated by org.testng.reporters.JUnitReportReporter -->
<testsuite hostname="butterfly-PC" name="testng.StringLength" tests="3" failures="0" timestamp="3 Jul 2014 10:31:54 GMT" time="0,009" errors="0">
  <testcase name="stringLength" time="0,001" classname="testng.StringLength"/>
  <testcase name="stringLength" time="0,007" classname="testng.StringLength"/>
  <testcase name="stringLength" time="0,001" classname="testng.StringLength"/>
</testsuite>
