<?xml version="1.0" encoding="UTF-8"?>
<!-- Generated by org.testng.reporters.JUnitReportReporter -->
<testsuite hostname="microsof-0175b9" name="testng.SmokeTest" tests="1" failures="0" timestamp="27 Jun 2014 18:24:33 GMT" time="0,000" errors="0">
  <testcase name="sTest" time="0,000" classname="testng.SmokeTest"/>
</testsuite>
