<?xml version="1.0" encoding="UTF-8"?>
<!-- Generated by org.testng.reporters.JUnitReportReporter -->
<testsuite hostname="butterfly-PC" name="testng.SimilarProducts" tests="1" failures="0" timestamp="4 Jul 2014 13:15:41 GMT" time="7,079" errors="0">
  <testcase name="searchSimilarProducts" time="7,079" classname="testng.SimilarProducts"/>
</testsuite>
