<?xml version="1.0" encoding="UTF-8"?>
<!-- Generated by org.testng.reporters.JUnitReportReporter -->
<testsuite hostname="butterfly-PC" name="testng.TicketsForBabies" tests="1" failures="0" timestamp="3 Jul 2014 13:04:02 GMT" time="15,965" errors="0">
  <testcase name="ticketsForBabies" time="15,965" classname="testng.TicketsForBabies"/>
</testsuite>
