<?xml version="1.0" encoding="UTF-8"?>
<!-- Generated by org.testng.reporters.JUnitReportReporter -->
<testsuite hostname="butterfly-PC" name="testng.SmokeTest" tests="1" failures="0" timestamp="25 Jun 2014 09:38:34 GMT" time="0,000" errors="0">
  <testcase name="sTest" time="0,000" classname="testng.SmokeTest"/>
</testsuite>
