<?xml version="1.0" encoding="UTF-8"?>
<!-- Generated by org.testng.reporters.JUnitReportReporter -->
<testsuite hostname="butterfly-PC" name="testng.TicketsForBabies" tests="1" failures="0" timestamp="3 Jul 2014 10:33:31 GMT" time="14,227" errors="0">
  <testcase name="ticketsForBabies" time="14,227" classname="testng.TicketsForBabies"/>
</testsuite>
